<?xml version="1.0" encoding="UTF-8"?>
<!-- Generated by org.testng.reporters.JUnitReportReporter -->
<testsuite name="com.qa.testcases.LoginPageTest" tests="3" time="13.398" ignored="0" failures="0" timestamp="14 Dec 2017 12:09:10 GMT" skipped="0" hostname="Home-PC" errors="0">
  <testcase name="loginTitleValidation" time="0.043" classname="com.qa.testcases.LoginPageTest"/>
  <testcase name="homePagetitleValidation" time="0.330" classname="com.qa.testcases.LoginPageTest"/>
  <testcase name="loginPageTest" time="13.025" classname="com.qa.testcases.LoginPageTest"/>
</testsuite> <!-- com.qa.testcases.LoginPageTest -->
