<?xml version="1.0" encoding="UTF-8"?>
<!-- Generated by org.testng.reporters.JUnitReportReporter -->
<testsuite name="com.qa.testcases.LeadsPageTest" tests="1" time="11.103" ignored="0" failures="0" timestamp="14 Dec 2017 06:07:55 GMT" skipped="0" hostname="Home-PC" errors="0">
  <testcase name="displayLeads" time="11.103" classname="com.qa.testcases.LeadsPageTest"/>
</testsuite> <!-- com.qa.testcases.LeadsPageTest -->
