<?xml version="1.0" encoding="UTF-8"?>
<!-- Generated by org.testng.reporters.JUnitReportReporter -->
<testsuite name="com.qa.testcases.LoginPageTest" tests="3" time="10.391" ignored="0" failures="0" timestamp="15 Dec 2017 05:23:47 GMT" skipped="0" hostname="Home-PC" errors="0">
  <testcase name="homePagetitleValidation" time="0.113" classname="com.qa.testcases.LoginPageTest"/>
  <testcase name="loginPageTest" time="10.259" classname="com.qa.testcases.LoginPageTest"/>
  <testcase name="loginTitleValidation" time="0.019" classname="com.qa.testcases.LoginPageTest"/>
</testsuite> <!-- com.qa.testcases.LoginPageTest -->
